{
  "RSpec": {
    "coverage": {
      "/Users/kees/Projects/week-10/bank_tech_test/lib/account.rb": [
        null,
        null,
        1,
        null,
        null,
        1,
        1,
        1,
        null,
        10,
        10,
        10,
        10,
        null,
        null,
        1,
        6,
        5,
        5,
        null,
        null,
        1,
        8,
        7,
        7,
        null,
        null,
        1,
        2,
        2,
        null,
        null,
        1,
        null,
        1,
        14,
        14,
        null,
        null,
        1,
        12,
        null,
        null,
        1,
        12,
        null,
        null,
        null,
        null,
        null,
        null,
        null
      ],
      "/Users/kees/Projects/week-10/bank_tech_test/lib/statement_constructor.rb": [
        null,
        null,
        null,
        1,
        1,
        2,
        2,
        null,
        null,
        1,
        2,
        4,
        4,
        null,
        2,
        null,
        null,
        1,
        4,
        null,
        null,
        null,
        4,
        4,
        null,
        null,
        null,
        4,
        null,
        null,
        1,
        null
      ],
      "/Users/kees/Projects/week-10/bank_tech_test/spec/units/account_balance_spec.rb": [
        null,
        null,
        1,
        null,
        1,
        3,
        null,
        1,
        1,
        1,
        2,
        2,
        null,
        null,
        1,
        1,
        2,
        2,
        null,
        null,
        null,
        null
      ],
      "/Users/kees/Projects/week-10/bank_tech_test/lib/account_balance.rb": [
        null,
        null,
        null,
        1,
        1,
        null,
        1,
        2,
        null,
        null,
        1,
        2,
        null,
        null
      ],
      "/Users/kees/Projects/week-10/bank_tech_test/spec/units/account_history_spec.rb": [
        null,
        null,
        1,
        null,
        1,
        2,
        null,
        1,
        1,
        1,
        null,
        null,
        null,
        null,
        null,
        1,
        null,
        null,
        null,
        null,
        null,
        1,
        null,
        null,
        null
      ],
      "/Users/kees/Projects/week-10/bank_tech_test/lib/account_history.rb": [
        null,
        null,
        null,
        1,
        1,
        1,
        null,
        null,
        1,
        1,
        null,
        null,
        1,
        1,
        null,
        null
      ],
      "/Users/kees/Projects/week-10/bank_tech_test/spec/units/account_spec.rb": [
        null,
        null,
        1,
        null,
        1,
        1,
        7,
        null,
        null,
        null,
        null,
        null,
        null,
        8,
        null,
        1,
        1,
        1,
        2,
        null,
        null,
        1,
        4,
        null,
        null,
        1,
        4,
        null,
        null,
        null,
        null,
        1,
        1,
        1,
        2,
        null,
        null,
        1,
        4,
        null,
        null,
        1,
        4,
        null,
        null,
        null,
        null,
        1,
        1,
        1,
        1,
        1,
        1,
        null,
        null,
        null,
        2,
        null,
        null,
        null
      ],
      "/Users/kees/Projects/week-10/bank_tech_test/spec/units/printer_spec.rb": [
        null,
        null,
        1,
        null,
        1,
        2,
        null,
        1,
        1,
        1,
        null,
        null,
        null,
        2,
        null,
        null,
        null
      ],
      "/Users/kees/Projects/week-10/bank_tech_test/lib/printer.rb": [
        null,
        null,
        null,
        1,
        1,
        1,
        null,
        null
      ],
      "/Users/kees/Projects/week-10/bank_tech_test/spec/units/statement_constructor_spec.rb": [
        null,
        null,
        1,
        null,
        1,
        1,
        1,
        null,
        1,
        null,
        null,
        null,
        null,
        null,
        1,
        null,
        null,
        null,
        1,
        null,
        null,
        null
      ]
    },
    "timestamp": 1534354621
  }
}
