{
  "RSpec": {
    "coverage": {
      "/Users/kees/Projects/week-10/bank_tech_test/lib/account.rb": [
        null,
        null,
        1,
        null,
        null,
        1,
        1,
        1,
        null,
        8,
        8,
        8,
        8,
        null,
        null,
        1,
        4,
        3,
        3,
        null,
        null,
        1,
        6,
        5,
        5,
        null,
        null,
        1,
        1,
        1,
        null,
        null,
        1,
        null,
        1,
        10,
        10,
        null,
        null,
        1,
        8,
        null,
        null,
        1,
        8,
        null,
        null,
        null,
        null,
        null,
        null,
        null
      ],
      "/Users/kees/Projects/week-10/bank_tech_test/lib/statement_constructor.rb": [
        null,
        null,
        null,
        1,
        1,
        1,
        1,
        null,
        null,
        1,
        1,
        1,
        1,
        null,
        1,
        null,
        null,
        1,
        1,
        null,
        null,
        null,
        1,
        1,
        null,
        null,
        null,
        1,
        null,
        null,
        1,
        null
      ],
      "/Users/kees/Projects/week-10/bank_tech_test/spec/units/account_spec.rb": [
        null,
        null,
        1,
        null,
        1,
        1,
        7,
        null,
        null,
        null,
        null,
        null,
        null,
        8,
        null,
        1,
        1,
        1,
        2,
        null,
        null,
        1,
        4,
        null,
        null,
        1,
        4,
        null,
        null,
        null,
        null,
        1,
        1,
        1,
        2,
        null,
        null,
        1,
        4,
        null,
        null,
        1,
        4,
        null,
        null,
        null,
        null,
        1,
        1,
        1,
        1,
        1,
        1,
        null,
        null,
        null,
        2,
        null,
        null,
        null
      ],
      "/Users/kees/Projects/week-10/bank_tech_test/spec/units/statement_constructor_spec.rb": [
        null,
        null,
        1,
        null,
        1,
        1,
        1,
        null,
        1,
        null,
        null,
        null,
        1,
        null,
        null,
        null,
        1,
        null,
        null,
        null
      ]
    },
    "timestamp": 1534412713
  }
}
